Initializing logger
Registering providers
 Failed registering providers because of: proto: (line 1:659): unable to resolve "cosmos.bank.module.v1.Module": "not found"
goroutine 1 [running]:
cosmossdk.io/depinject.getStackTrace()
	/Users/chris/Workspace/sooho/go/pkg/mod/cosmossdk.io/depinject@v1.1.0/config.go:193 +0x38
cosmossdk.io/depinject/appconfig.LoadJSON.Error.func2(0x12f696358?)
	/Users/chris/Workspace/sooho/go/pkg/mod/cosmossdk.io/depinject@v1.1.0/config.go:166 +0x2c
cosmossdk.io/depinject.containerConfig.apply(0x14000a87708?, 0x1041cd9b8?)
	/Users/chris/Workspace/sooho/go/pkg/mod/cosmossdk.io/depinject@v1.1.0/config.go:186 +0x28
github.com/alice/checkers/app.AppConfig.Configs.func1(0x1400049f2d0)
	/Users/chris/Workspace/sooho/go/pkg/mod/cosmossdk.io/depinject@v1.1.0/config.go:174 +0x64
cosmossdk.io/depinject.containerConfig.apply(0x108653628?, 0x107d3a2c0?)
	/Users/chris/Workspace/sooho/go/pkg/mod/cosmossdk.io/depinject@v1.1.0/config.go:186 +0x28
github.com/alice/checkers/cmd/minid/cmd.NewRootCmd.Configs.func3(0x1400049f2d0)
	/Users/chris/Workspace/sooho/go/pkg/mod/cosmossdk.io/depinject@v1.1.0/config.go:174 +0x64
cosmossdk.io/depinject.containerConfig.apply(0x140000991d0?, 0x0?)
	/Users/chris/Workspace/sooho/go/pkg/mod/cosmossdk.io/depinject@v1.1.0/config.go:186 +0x28
cosmossdk.io/depinject.doInject(0x1400074ae10, {0x1069b9a58, 0x140008cf080}, {0x106994d40?, 0x1400061c8e0?}, {0x1069947a0, 0x1400061c7a0}, {0x140008cf040, 0x4, 0x4})
	/Users/chris/Workspace/sooho/go/pkg/mod/cosmossdk.io/depinject@v1.1.0/inject.go:74 +0x228
cosmossdk.io/depinject.inject({0x1069b9a58, 0x140008cf080}, {0x106994d40, 0x1400061c8e0}, {0x1069947a0, 0x1400061c7a0}, {0x140008cf040, 0x4, 0x4})
	/Users/chris/Workspace/sooho/go/pkg/mod/cosmossdk.io/depinject@v1.1.0/inject.go:45 +0x210
cosmossdk.io/depinject.Inject({0x1069947a0, 0x1400061c7a0}, {0x140008cf040, 0x4, 0x4})
	/Users/chris/Workspace/sooho/go/pkg/mod/cosmossdk.io/depinject@v1.1.0/inject.go:19 +0x68
github.com/alice/checkers/cmd/minid/cmd.NewRootCmd()
	/Users/chris/Workspace/projects/go-project/study/checkers-minimal/cmd/minid/cmd/root.go:42 +0x298
main.main()
	/Users/chris/Workspace/projects/go-project/study/checkers-minimal/cmd/minid/main.go:17 +0x20

goroutine 1 [running]:
cosmossdk.io/depinject.getStackTrace()
	/Users/chris/Workspace/sooho/go/pkg/mod/cosmossdk.io/depinject@v1.1.0/config.go:193 +0x38
github.com/alice/checkers/app.AppConfig.Configs.func1(0x1400049f2d0)
	/Users/chris/Workspace/sooho/go/pkg/mod/cosmossdk.io/depinject@v1.1.0/config.go:176 +0x74
cosmossdk.io/depinject.containerConfig.apply(0x108653628?, 0x107d3a2c0?)
	/Users/chris/Workspace/sooho/go/pkg/mod/cosmossdk.io/depinject@v1.1.0/config.go:186 +0x28
github.com/alice/checkers/cmd/minid/cmd.NewRootCmd.Configs.func3(0x1400049f2d0)
	/Users/chris/Workspace/sooho/go/pkg/mod/cosmossdk.io/depinject@v1.1.0/config.go:174 +0x64
cosmossdk.io/depinject.containerConfig.apply(0x140000991d0?, 0x0?)
	/Users/chris/Workspace/sooho/go/pkg/mod/cosmossdk.io/depinject@v1.1.0/config.go:186 +0x28
cosmossdk.io/depinject.doInject(0x1400074ae10, {0x1069b9a58, 0x140008cf080}, {0x106994d40?, 0x1400061c8e0?}, {0x1069947a0, 0x1400061c7a0}, {0x140008cf040, 0x4, 0x4})
	/Users/chris/Workspace/sooho/go/pkg/mod/cosmossdk.io/depinject@v1.1.0/inject.go:74 +0x228
cosmossdk.io/depinject.inject({0x1069b9a58, 0x140008cf080}, {0x106994d40, 0x1400061c8e0}, {0x1069947a0, 0x1400061c7a0}, {0x140008cf040, 0x4, 0x4})
	/Users/chris/Workspace/sooho/go/pkg/mod/cosmossdk.io/depinject@v1.1.0/inject.go:45 +0x210
cosmossdk.io/depinject.Inject({0x1069947a0, 0x1400061c7a0}, {0x140008cf040, 0x4, 0x4})
	/Users/chris/Workspace/sooho/go/pkg/mod/cosmossdk.io/depinject@v1.1.0/inject.go:19 +0x68
github.com/alice/checkers/cmd/minid/cmd.NewRootCmd()
	/Users/chris/Workspace/projects/go-project/study/checkers-minimal/cmd/minid/cmd/root.go:42 +0x298
main.main()
	/Users/chris/Workspace/projects/go-project/study/checkers-minimal/cmd/minid/main.go:17 +0x20

goroutine 1 [running]:
cosmossdk.io/depinject.getStackTrace()
	/Users/chris/Workspace/sooho/go/pkg/mod/cosmossdk.io/depinject@v1.1.0/config.go:193 +0x38
github.com/alice/checkers/cmd/minid/cmd.NewRootCmd.Configs.func3(0x1400049f2d0)
	/Users/chris/Workspace/sooho/go/pkg/mod/cosmossdk.io/depinject@v1.1.0/config.go:176 +0x74
cosmossdk.io/depinject.containerConfig.apply(0x140000991d0?, 0x0?)
	/Users/chris/Workspace/sooho/go/pkg/mod/cosmossdk.io/depinject@v1.1.0/config.go:186 +0x28
cosmossdk.io/depinject.doInject(0x1400074ae10, {0x1069b9a58, 0x140008cf080}, {0x106994d40?, 0x1400061c8e0?}, {0x1069947a0, 0x1400061c7a0}, {0x140008cf040, 0x4, 0x4})
	/Users/chris/Workspace/sooho/go/pkg/mod/cosmossdk.io/depinject@v1.1.0/inject.go:74 +0x228
cosmossdk.io/depinject.inject({0x1069b9a58, 0x140008cf080}, {0x106994d40, 0x1400061c8e0}, {0x1069947a0, 0x1400061c7a0}, {0x140008cf040, 0x4, 0x4})
	/Users/chris/Workspace/sooho/go/pkg/mod/cosmossdk.io/depinject@v1.1.0/inject.go:45 +0x210
cosmossdk.io/depinject.Inject({0x1069947a0, 0x1400061c7a0}, {0x140008cf040, 0x4, 0x4})
	/Users/chris/Workspace/sooho/go/pkg/mod/cosmossdk.io/depinject@v1.1.0/inject.go:19 +0x68
github.com/alice/checkers/cmd/minid/cmd.NewRootCmd()
	/Users/chris/Workspace/projects/go-project/study/checkers-minimal/cmd/minid/cmd/root.go:42 +0x298
main.main()
	/Users/chris/Workspace/projects/go-project/study/checkers-minimal/cmd/minid/main.go:17 +0x20

 Error: proto: (line 1:659): unable to resolve "cosmos.bank.module.v1.Module": "not found"
goroutine 1 [running]:
cosmossdk.io/depinject.getStackTrace()
	/Users/chris/Workspace/sooho/go/pkg/mod/cosmossdk.io/depinject@v1.1.0/config.go:193 +0x38
cosmossdk.io/depinject/appconfig.LoadJSON.Error.func2(0x12f696358?)
	/Users/chris/Workspace/sooho/go/pkg/mod/cosmossdk.io/depinject@v1.1.0/config.go:166 +0x2c
cosmossdk.io/depinject.containerConfig.apply(0x14000a87708?, 0x1041cd9b8?)
	/Users/chris/Workspace/sooho/go/pkg/mod/cosmossdk.io/depinject@v1.1.0/config.go:186 +0x28
github.com/alice/checkers/app.AppConfig.Configs.func1(0x1400049f2d0)
	/Users/chris/Workspace/sooho/go/pkg/mod/cosmossdk.io/depinject@v1.1.0/config.go:174 +0x64
cosmossdk.io/depinject.containerConfig.apply(0x108653628?, 0x107d3a2c0?)
	/Users/chris/Workspace/sooho/go/pkg/mod/cosmossdk.io/depinject@v1.1.0/config.go:186 +0x28
github.com/alice/checkers/cmd/minid/cmd.NewRootCmd.Configs.func3(0x1400049f2d0)
	/Users/chris/Workspace/sooho/go/pkg/mod/cosmossdk.io/depinject@v1.1.0/config.go:174 +0x64
cosmossdk.io/depinject.containerConfig.apply(0x140000991d0?, 0x0?)
	/Users/chris/Workspace/sooho/go/pkg/mod/cosmossdk.io/depinject@v1.1.0/config.go:186 +0x28
cosmossdk.io/depinject.doInject(0x1400074ae10, {0x1069b9a58, 0x140008cf080}, {0x106994d40?, 0x1400061c8e0?}, {0x1069947a0, 0x1400061c7a0}, {0x140008cf040, 0x4, 0x4})
	/Users/chris/Workspace/sooho/go/pkg/mod/cosmossdk.io/depinject@v1.1.0/inject.go:74 +0x228
cosmossdk.io/depinject.inject({0x1069b9a58, 0x140008cf080}, {0x106994d40, 0x1400061c8e0}, {0x1069947a0, 0x1400061c7a0}, {0x140008cf040, 0x4, 0x4})
	/Users/chris/Workspace/sooho/go/pkg/mod/cosmossdk.io/depinject@v1.1.0/inject.go:45 +0x210
cosmossdk.io/depinject.Inject({0x1069947a0, 0x1400061c7a0}, {0x140008cf040, 0x4, 0x4})
	/Users/chris/Workspace/sooho/go/pkg/mod/cosmossdk.io/depinject@v1.1.0/inject.go:19 +0x68
github.com/alice/checkers/cmd/minid/cmd.NewRootCmd()
	/Users/chris/Workspace/projects/go-project/study/checkers-minimal/cmd/minid/cmd/root.go:42 +0x298
main.main()
	/Users/chris/Workspace/projects/go-project/study/checkers-minimal/cmd/minid/main.go:17 +0x20

goroutine 1 [running]:
cosmossdk.io/depinject.getStackTrace()
	/Users/chris/Workspace/sooho/go/pkg/mod/cosmossdk.io/depinject@v1.1.0/config.go:193 +0x38
github.com/alice/checkers/app.AppConfig.Configs.func1(0x1400049f2d0)
	/Users/chris/Workspace/sooho/go/pkg/mod/cosmossdk.io/depinject@v1.1.0/config.go:176 +0x74
cosmossdk.io/depinject.containerConfig.apply(0x108653628?, 0x107d3a2c0?)
	/Users/chris/Workspace/sooho/go/pkg/mod/cosmossdk.io/depinject@v1.1.0/config.go:186 +0x28
github.com/alice/checkers/cmd/minid/cmd.NewRootCmd.Configs.func3(0x1400049f2d0)
	/Users/chris/Workspace/sooho/go/pkg/mod/cosmossdk.io/depinject@v1.1.0/config.go:174 +0x64
cosmossdk.io/depinject.containerConfig.apply(0x140000991d0?, 0x0?)
	/Users/chris/Workspace/sooho/go/pkg/mod/cosmossdk.io/depinject@v1.1.0/config.go:186 +0x28
cosmossdk.io/depinject.doInject(0x1400074ae10, {0x1069b9a58, 0x140008cf080}, {0x106994d40?, 0x1400061c8e0?}, {0x1069947a0, 0x1400061c7a0}, {0x140008cf040, 0x4, 0x4})
	/Users/chris/Workspace/sooho/go/pkg/mod/cosmossdk.io/depinject@v1.1.0/inject.go:74 +0x228
cosmossdk.io/depinject.inject({0x1069b9a58, 0x140008cf080}, {0x106994d40, 0x1400061c8e0}, {0x1069947a0, 0x1400061c7a0}, {0x140008cf040, 0x4, 0x4})
	/Users/chris/Workspace/sooho/go/pkg/mod/cosmossdk.io/depinject@v1.1.0/inject.go:45 +0x210
cosmossdk.io/depinject.Inject({0x1069947a0, 0x1400061c7a0}, {0x140008cf040, 0x4, 0x4})
	/Users/chris/Workspace/sooho/go/pkg/mod/cosmossdk.io/depinject@v1.1.0/inject.go:19 +0x68
github.com/alice/checkers/cmd/minid/cmd.NewRootCmd()
	/Users/chris/Workspace/projects/go-project/study/checkers-minimal/cmd/minid/cmd/root.go:42 +0x298
main.main()
	/Users/chris/Workspace/projects/go-project/study/checkers-minimal/cmd/minid/main.go:17 +0x20

goroutine 1 [running]:
cosmossdk.io/depinject.getStackTrace()
	/Users/chris/Workspace/sooho/go/pkg/mod/cosmossdk.io/depinject@v1.1.0/config.go:193 +0x38
github.com/alice/checkers/cmd/minid/cmd.NewRootCmd.Configs.func3(0x1400049f2d0)
	/Users/chris/Workspace/sooho/go/pkg/mod/cosmossdk.io/depinject@v1.1.0/config.go:176 +0x74
cosmossdk.io/depinject.containerConfig.apply(0x140000991d0?, 0x0?)
	/Users/chris/Workspace/sooho/go/pkg/mod/cosmossdk.io/depinject@v1.1.0/config.go:186 +0x28
cosmossdk.io/depinject.doInject(0x1400074ae10, {0x1069b9a58, 0x140008cf080}, {0x106994d40?, 0x1400061c8e0?}, {0x1069947a0, 0x1400061c7a0}, {0x140008cf040, 0x4, 0x4})
	/Users/chris/Workspace/sooho/go/pkg/mod/cosmossdk.io/depinject@v1.1.0/inject.go:74 +0x228
cosmossdk.io/depinject.inject({0x1069b9a58, 0x140008cf080}, {0x106994d40, 0x1400061c8e0}, {0x1069947a0, 0x1400061c7a0}, {0x140008cf040, 0x4, 0x4})
	/Users/chris/Workspace/sooho/go/pkg/mod/cosmossdk.io/depinject@v1.1.0/inject.go:45 +0x210
cosmossdk.io/depinject.Inject({0x1069947a0, 0x1400061c7a0}, {0x140008cf040, 0x4, 0x4})
	/Users/chris/Workspace/sooho/go/pkg/mod/cosmossdk.io/depinject@v1.1.0/inject.go:19 +0x68
github.com/alice/checkers/cmd/minid/cmd.NewRootCmd()
	/Users/chris/Workspace/projects/go-project/study/checkers-minimal/cmd/minid/cmd/root.go:42 +0x298
main.main()
	/Users/chris/Workspace/projects/go-project/study/checkers-minimal/cmd/minid/main.go:17 +0x20

 Saved graph of container to /Users/chris/Workspace/projects/go-project/study/checkers-minimal/debug_container.dot
